<?xml version="1.0" encoding="UTF-8"?>
<testsuite name="com.example.reactivesqlserver.ReactiveSqlserverApplicationTests" tests="1" skipped="0" failures="0" errors="0" timestamp="2021-03-04T10:43:59" hostname="Alfredos-MacBook-Pro.local" time="0.559">
  <properties/>
  <testcase name="contextLoads()" classname="com.example.reactivesqlserver.ReactiveSqlserverApplicationTests" time="0.559"/>
  <system-out><![CDATA[05:43:56.286 [Test worker] DEBUG org.springframework.test.context.BootstrapUtils - Instantiating CacheAwareContextLoaderDelegate from class [org.springframework.test.context.cache.DefaultCacheAwareContextLoaderDelegate]
05:43:56.302 [Test worker] DEBUG org.springframework.test.context.BootstrapUtils - Instantiating BootstrapContext using constructor [public org.springframework.test.context.support.DefaultBootstrapContext(java.lang.Class,org.springframework.test.context.CacheAwareContextLoaderDelegate)]
05:43:56.339 [Test worker] DEBUG org.springframework.test.context.BootstrapUtils - Instantiating TestContextBootstrapper for test class [com.example.reactivesqlserver.ReactiveSqlserverApplicationTests] from class [org.springframework.boot.test.context.SpringBootTestContextBootstrapper]
05:43:56.353 [Test worker] INFO org.springframework.boot.test.context.SpringBootTestContextBootstrapper - Neither @ContextConfiguration nor @ContextHierarchy found for test class [com.example.reactivesqlserver.ReactiveSqlserverApplicationTests], using SpringBootContextLoader
05:43:56.357 [Test worker] DEBUG org.springframework.test.context.support.AbstractContextLoader - Did not detect default resource location for test class [com.example.reactivesqlserver.ReactiveSqlserverApplicationTests]: class path resource [com/example/reactivesqlserver/ReactiveSqlserverApplicationTests-context.xml] does not exist
05:43:56.358 [Test worker] DEBUG org.springframework.test.context.support.AbstractContextLoader - Did not detect default resource location for test class [com.example.reactivesqlserver.ReactiveSqlserverApplicationTests]: class path resource [com/example/reactivesqlserver/ReactiveSqlserverApplicationTestsContext.groovy] does not exist
05:43:56.358 [Test worker] INFO org.springframework.test.context.support.AbstractContextLoader - Could not detect default resource locations for test class [com.example.reactivesqlserver.ReactiveSqlserverApplicationTests]: no resource found for suffixes {-context.xml, Context.groovy}.
05:43:56.361 [Test worker] INFO org.springframework.test.context.support.AnnotationConfigContextLoaderUtils - Could not detect default configuration classes for test class [com.example.reactivesqlserver.ReactiveSqlserverApplicationTests]: ReactiveSqlserverApplicationTests does not declare any static, non-private, non-final, nested classes annotated with @Configuration.
05:43:56.411 [Test worker] DEBUG org.springframework.test.context.support.ActiveProfilesUtils - Could not find an 'annotation declaring class' for annotation type [org.springframework.test.context.ActiveProfiles] and class [com.example.reactivesqlserver.ReactiveSqlserverApplicationTests]
05:43:56.468 [Test worker] DEBUG org.springframework.context.annotation.ClassPathScanningCandidateComponentProvider - Identified candidate component class: file [/Users/alfredobenaute/bootcamp/bootcamp-reactive-sqlserver/build/classes/java/main/com/example/reactivesqlserver/ReactiveSqlserverApplication.class]
05:43:56.469 [Test worker] INFO org.springframework.boot.test.context.SpringBootTestContextBootstrapper - Found @SpringBootConfiguration com.example.reactivesqlserver.ReactiveSqlserverApplication for test class com.example.reactivesqlserver.ReactiveSqlserverApplicationTests
05:43:56.564 [Test worker] DEBUG org.springframework.boot.test.context.SpringBootTestContextBootstrapper - @TestExecutionListeners is not present for class [com.example.reactivesqlserver.ReactiveSqlserverApplicationTests]: using defaults.
05:43:56.565 [Test worker] INFO org.springframework.boot.test.context.SpringBootTestContextBootstrapper - Loaded default TestExecutionListener class names from location [META-INF/spring.factories]: [org.springframework.boot.test.autoconfigure.restdocs.RestDocsTestExecutionListener, org.springframework.boot.test.autoconfigure.web.client.MockRestServiceServerResetTestExecutionListener, org.springframework.boot.test.autoconfigure.web.servlet.MockMvcPrintOnlyOnFailureTestExecutionListener, org.springframework.boot.test.autoconfigure.web.servlet.WebDriverTestExecutionListener, org.springframework.boot.test.autoconfigure.webservices.client.MockWebServiceServerTestExecutionListener, org.springframework.boot.test.mock.mockito.MockitoTestExecutionListener, org.springframework.boot.test.mock.mockito.ResetMocksTestExecutionListener, org.springframework.test.context.web.ServletTestExecutionListener, org.springframework.test.context.support.DirtiesContextBeforeModesTestExecutionListener, org.springframework.test.context.event.ApplicationEventsTestExecutionListener, org.springframework.test.context.support.DependencyInjectionTestExecutionListener, org.springframework.test.context.support.DirtiesContextTestExecutionListener, org.springframework.test.context.transaction.TransactionalTestExecutionListener, org.springframework.test.context.jdbc.SqlScriptsTestExecutionListener, org.springframework.test.context.event.EventPublishingTestExecutionListener]
05:43:56.577 [Test worker] DEBUG org.springframework.boot.test.context.SpringBootTestContextBootstrapper - Skipping candidate TestExecutionListener [org.springframework.test.context.web.ServletTestExecutionListener] due to a missing dependency. Specify custom listener classes or make the default listener classes and their required dependencies available. Offending class: [javax/servlet/ServletContext]
05:43:56.586 [Test worker] INFO org.springframework.boot.test.context.SpringBootTestContextBootstrapper - Using TestExecutionListeners: [org.springframework.test.context.support.DirtiesContextBeforeModesTestExecutionListener@3123a34, org.springframework.test.context.event.ApplicationEventsTestExecutionListener@53a1f840, org.springframework.boot.test.mock.mockito.MockitoTestExecutionListener@61ed1155, org.springframework.boot.test.autoconfigure.SpringBootDependencyInjectionTestExecutionListener@5c8c5474, org.springframework.test.context.support.DirtiesContextTestExecutionListener@4e5d164b, org.springframework.test.context.transaction.TransactionalTestExecutionListener@12629438, org.springframework.test.context.jdbc.SqlScriptsTestExecutionListener@1b8c5898, org.springframework.test.context.event.EventPublishingTestExecutionListener@251d8069, org.springframework.boot.test.autoconfigure.restdocs.RestDocsTestExecutionListener@3d435cf, org.springframework.boot.test.autoconfigure.web.client.MockRestServiceServerResetTestExecutionListener@591b2d9, org.springframework.boot.test.autoconfigure.web.servlet.MockMvcPrintOnlyOnFailureTestExecutionListener@7ca0626b, org.springframework.boot.test.autoconfigure.web.servlet.WebDriverTestExecutionListener@35f7bb5e, org.springframework.boot.test.autoconfigure.webservices.client.MockWebServiceServerTestExecutionListener@17af8a62, org.springframework.boot.test.mock.mockito.ResetMocksTestExecutionListener@1f20f534]
05:43:56.590 [Test worker] DEBUG org.springframework.test.context.support.AbstractDirtiesContextTestExecutionListener - Before test class: context [DefaultTestContext@1e6b30e6 testClass = ReactiveSqlserverApplicationTests, testInstance = [null], testMethod = [null], testException = [null], mergedContextConfiguration = [ReactiveWebMergedContextConfiguration@24e7c242 testClass = ReactiveSqlserverApplicationTests, locations = '{}', classes = '{class com.example.reactivesqlserver.ReactiveSqlserverApplication}', contextInitializerClasses = '[]', activeProfiles = '{}', propertySourceLocations = '{}', propertySourceProperties = '{org.springframework.boot.test.context.SpringBootTestContextBootstrapper=true}', contextCustomizers = set[org.springframework.boot.test.autoconfigure.actuate.metrics.MetricsExportContextCustomizerFactory$DisableMetricExportContextCustomizer@7f219d27, org.springframework.boot.test.autoconfigure.properties.PropertyMappingContextCustomizer@0, org.springframework.boot.test.autoconfigure.web.servlet.WebDriverContextCustomizerFactory$Customizer@640b2325, org.springframework.boot.test.context.filter.ExcludeFilterContextCustomizer@537681cc, org.springframework.boot.test.json.DuplicateJsonObjectContextCustomizerFactory$DuplicateJsonObjectContextCustomizer@7d35029e, org.springframework.boot.test.mock.mockito.MockitoContextCustomizer@0, org.springframework.boot.test.web.client.TestRestTemplateContextCustomizer@5e45f046, org.springframework.boot.test.web.reactive.server.WebTestClientContextCustomizer@7f640b99, org.springframework.boot.test.context.SpringBootTestArgs@1, org.springframework.boot.test.context.SpringBootTestWebEnvironment@76435d4], contextLoader = 'org.springframework.boot.test.context.SpringBootContextLoader', parent = [null]], attributes = map[[empty]]], class annotated with @DirtiesContext [false] with mode [null].
05:43:56.605 [Test worker] DEBUG org.springframework.test.context.support.DependencyInjectionTestExecutionListener - Performing dependency injection for test context [[DefaultTestContext@1e6b30e6 testClass = ReactiveSqlserverApplicationTests, testInstance = com.example.reactivesqlserver.ReactiveSqlserverApplicationTests@1f60c47b, testMethod = [null], testException = [null], mergedContextConfiguration = [ReactiveWebMergedContextConfiguration@24e7c242 testClass = ReactiveSqlserverApplicationTests, locations = '{}', classes = '{class com.example.reactivesqlserver.ReactiveSqlserverApplication}', contextInitializerClasses = '[]', activeProfiles = '{}', propertySourceLocations = '{}', propertySourceProperties = '{org.springframework.boot.test.context.SpringBootTestContextBootstrapper=true}', contextCustomizers = set[org.springframework.boot.test.autoconfigure.actuate.metrics.MetricsExportContextCustomizerFactory$DisableMetricExportContextCustomizer@7f219d27, org.springframework.boot.test.autoconfigure.properties.PropertyMappingContextCustomizer@0, org.springframework.boot.test.autoconfigure.web.servlet.WebDriverContextCustomizerFactory$Customizer@640b2325, org.springframework.boot.test.context.filter.ExcludeFilterContextCustomizer@537681cc, org.springframework.boot.test.json.DuplicateJsonObjectContextCustomizerFactory$DuplicateJsonObjectContextCustomizer@7d35029e, org.springframework.boot.test.mock.mockito.MockitoContextCustomizer@0, org.springframework.boot.test.web.client.TestRestTemplateContextCustomizer@5e45f046, org.springframework.boot.test.web.reactive.server.WebTestClientContextCustomizer@7f640b99, org.springframework.boot.test.context.SpringBootTestArgs@1, org.springframework.boot.test.context.SpringBootTestWebEnvironment@76435d4], contextLoader = 'org.springframework.boot.test.context.SpringBootContextLoader', parent = [null]], attributes = map['org.springframework.test.context.event.ApplicationEventsTestExecutionListener.recordApplicationEvents' -> false]]].
05:43:56.629 [Test worker] DEBUG org.springframework.test.context.support.TestPropertySourceUtils - Adding inlined properties to environment: {spring.jmx.enabled=false, org.springframework.boot.test.context.SpringBootTestContextBootstrapper=true}

  .   ____          _            __ _ _
 /\\ / ___'_ __ _ _(_)_ __  __ _ \ \ \ \
( ( )\___ | '_ | '_| | '_ \/ _` | \ \ \ \
 \\/  ___)| |_)| | | | | || (_| |  ) ) ) )
  '  |____| .__|_| |_|_| |_\__, | / / / /
 =========|_|==============|___/=/_/_/_/
 :: Spring Boot ::                (v2.4.3)

2021-03-04 05:43:57.102  INFO 67886 --- [    Test worker] c.e.r.ReactiveSqlserverApplicationTests  : Starting ReactiveSqlserverApplicationTests using Java 13.0.1 on Alfredos-MacBook-Pro.local with PID 67886 (started by alfredobenaute in /Users/alfredobenaute/bootcamp/bootcamp-reactive-sqlserver)
2021-03-04 05:43:57.105  INFO 67886 --- [    Test worker] c.e.r.ReactiveSqlserverApplicationTests  : No active profile set, falling back to default profiles: default
2021-03-04 05:43:57.740  INFO 67886 --- [    Test worker] .s.d.r.c.RepositoryConfigurationDelegate : Bootstrapping Spring Data R2DBC repositories in DEFAULT mode.
2021-03-04 05:43:57.890  INFO 67886 --- [    Test worker] .s.d.r.c.RepositoryConfigurationDelegate : Finished Spring Data repository scanning in 145 ms. Found 1 R2DBC repository interfaces.
2021-03-04 05:43:59.285  INFO 67886 --- [    Test worker] c.e.r.ReactiveSqlserverApplicationTests  : Started ReactiveSqlserverApplicationTests in 2.643 seconds (JVM running for 3.805)
]]></system-out>
  <system-err><![CDATA[]]></system-err>
</testsuite>
